Case #1: our language is impossible to understand
Case #2: there are twenty six factorial possibilities
Case #3: so it is okay if you want to just give up
Case #4: xoggk d yl wxo vkkvgo ekso uyl wonw sywy
Case #5: xkf yto akj
Case #6: yabba dabba yabba dabba yabba dabba yabba dabba yabba dabba yabba dabba yabba dabba yabba dooooooooo
Case #7: a b c d e f g h i j k l m n o p q r s t u v y w x y z now i know my abcs
Case #8: next time wont you sing with me
Case #9: you pissed off the chicken lady
Case #10: for those who speak in a tongue do not speak to other people
Case #11: nobody understands them since they are speaking mysteries in the spirit
Case #12: this here is gunpowder activated twenty seven caliber full auto no kickback nailthrowing mayhem
Case #13: right i forgot here in the states you call it a sausage in the mouth
Case #14: whoooooooooooooooooooaaaaaaaaa i know c plus plus
Case #15: you want sell things at me boing zooom
Case #16: friends dont let friends let scientific progress go boink
Case #17: dr zaius dr zaius dr zaius dr zaius ooooooooooooh dr zaius
Case #18: our code jam is like the pythagorean theorem
Case #19: there is no answer
Case #20: im commander shepard and this is my favorite problem on the google code jam
Case #21: oh hai im in ur computer eating your cheezburgers and googleresing your textz
Case #22: now is the summer of our lack of discontent
Case #23: oh yeah alright were gonna shake it up with the party bear tonight
Case #24: oh nooooo goggalor is headed for the orphanage
Case #25: oh my god lets make out
Case #26: my name is dug i have just met you and i looove you
Case #27: by the pricking of my thumbs something wicked this way comes
Case #28: an eye for an eye and a pigeon for a pigeon
Case #29: pneumonoultramicroscopicsilicovolcanoconiosis
Case #30: why do programmers always mix up halloween and christmas